<?xml version="1.0" encoding="UTF-8"?>
<!-- Generated by org.testng.reporters.JUnitXMLReporter -->
<testsuite hostname="LLITD01CC9FR72" ignored="3" name="Regression" tests="4" failures="0" timestamp="04 Nov 2018 18:25:04 GMT" time="5.726" errors="0">
  <testcase name="addComputer" time="1.319" classname="com.qa.test.CRUD_Test"/>
  <testcase name="searchComputer" time="0.624" classname="com.qa.test.CRUD_Test"/>
  <testcase name="updateComputer" time="1.222" classname="com.qa.test.CRUD_Test"/>
  <testcase name="deleteComputer" time="0.729" classname="com.qa.test.CRUD_Test"/>
  <testcase name="@BeforeTest urlLoad" time="0.0" classname="com.qa.test.testBase">
    <ignored/>
  </testcase> <!-- @BeforeTest urlLoad -->
  <testcase name="@AfterSuite TeardownTest" time="0.0" classname="com.qa.test.testBase">
    <ignored/>
  </testcase> <!-- @AfterSuite TeardownTest -->
  <testcase name="@BeforeSuite testSetUp" time="0.0" classname="com.qa.test.testBase">
    <ignored/>
  </testcase> <!-- @BeforeSuite testSetUp -->
</testsuite> <!-- Regression -->
