<?xml version="1.0" encoding="UTF-8"?>
<!-- Generated by org.testng.reporters.JUnitXMLReporter -->
<testsuite hostname="LLITD01CC9FR72" ignored="0" name="Default test" tests="4" failures="0" timestamp="04 Nov 2018 04:25:27 GMT" time="5.625" errors="0">
  <testcase name="addComputer" time="1.263" classname="com.qa.test.CRUD_Test"/>
  <testcase name="searchComputer" time="0.549" classname="com.qa.test.CRUD_Test"/>
  <testcase name="updateComputer" time="1.323" classname="com.qa.test.CRUD_Test"/>
  <testcase name="deleteComputer" time="0.783" classname="com.qa.test.CRUD_Test"/>
</testsuite> <!-- Default test -->
