<?xml version="1.0" encoding="UTF-8"?>
<!-- Generated by org.testng.reporters.JUnitXMLReporter -->
<testsuite hostname="LLITD01CC9FR72" ignored="0" name="Surefire test" tests="4" failures="0" timestamp="04 Nov 2018 18:04:16 GMT" time="5.306" errors="0">
  <testcase name="addComputer" time="1.358" classname="com.qa.test.CRUD_Test"/>
  <testcase name="searchComputer" time="0.494" classname="com.qa.test.CRUD_Test"/>
  <testcase name="updateComputer" time="1.209" classname="com.qa.test.CRUD_Test"/>
  <testcase name="deleteComputer" time="0.662" classname="com.qa.test.CRUD_Test"/>
</testsuite> <!-- Surefire test -->
